<?xml version="1.0" encoding="UTF-8"?>
<!-- Generated by org.testng.reporters.JUnitXMLReporter -->
<testsuite hostname="Ashok-PC" name="SNB-CSR Portal TestCases" tests="1" failures="1" timestamp="25 Oct 2016 02:24:23 GMT" time="13.924" errors="0">
  <testcase name="OAPverifyLogOut" time="0.033" classname="com.snb.OAP.automation.testcases.OAPLogout">
    <failure type="java.lang.AssertionError" message="expected [http://www.google.co.in] but found [https://www.google.co.in/?gws_rd=ssl]">
      <![CDATA[java.lang.AssertionError: expected [http://www.google.co.in] but found [https://www.google.co.in/?gws_rd=ssl]
	at com.snb.OAP.automation.testcases.OAPLogout.OAPverifyLogOut(OAPLogout.java:25)
	at java.util.concurrent.FutureTask.run(FutureTask.java:266)
	at java.util.concurrent.ThreadPoolExecutor.runWorker(ThreadPoolExecutor.java:1142)
	at java.util.concurrent.ThreadPoolExecutor$Worker.run(ThreadPoolExecutor.java:617)
	at java.lang.Thread.run(Thread.java:745)
... Removed 21 stack frames]]>
    </failure>
  </testcase> <!-- OAPverifyLogOut -->
</testsuite> <!-- SNB-CSR Portal TestCases -->
