<?xml version="1.0" encoding="UTF-8"?>
<testng-results skipped="0" failed="1" total="1" passed="0">
  <reporter-output>
  </reporter-output>
  <suite name="SNB Automation Suite" duration-ms="13924" started-at="2016-10-25T02:24:10Z" finished-at="2016-10-25T02:24:23Z">
    <groups>
    </groups>
    <test name="SNB-CSR Portal TestCases" duration-ms="13924" started-at="2016-10-25T02:24:10Z" finished-at="2016-10-25T02:24:23Z">
      <class name="com.snb.OAP.automation.testcases.OAPLogout">
        <test-method status="PASS" signature="globalSetUP(java.lang.String, java.lang.String, java.lang.String)[pri:0, instance:com.snb.OAP.automation.testcases.OAPLogout@4520ebad]" name="globalSetUP" is-config="true" duration-ms="12893" started-at="2016-10-25T07:54:10Z" finished-at="2016-10-25T07:54:22Z">
          <params>
            <param index="0">
              <value>
                <![CDATA[http://www.google.co.in]]>
              </value>
            </param>
            <param index="1">
              <value>
                <![CDATA[./CSRTestReports/ExtentReport.html]]>
              </value>
            </param>
            <param index="2">
              <value>
                <![CDATA[chrome]]>
              </value>
            </param>
          </params>
          <reporter-output>
          </reporter-output>
        </test-method> <!-- globalSetUP -->
        <test-method status="FAIL" signature="OAPverifyLogOut(java.lang.reflect.Method)[pri:0, instance:com.snb.OAP.automation.testcases.OAPLogout@4520ebad]" name="OAPverifyLogOut" duration-ms="33" started-at="2016-10-25T07:54:22Z" finished-at="2016-10-25T07:54:22Z">
          <params>
            <param index="0">
              <value>
                <![CDATA[public void com.snb.OAP.automation.testcases.OAPLogout.OAPverifyLogOut(java.lang.reflect.Method)]]>
              </value>
            </param>
          </params>
          <exception class="java.lang.AssertionError">
            <message>
              <![CDATA[expected [http://www.google.co.in] but found [https://www.google.co.in/?gws_rd=ssl]]]>
            </message>
            <full-stacktrace>
              <![CDATA[java.lang.AssertionError: expected [http://www.google.co.in] but found [https://www.google.co.in/?gws_rd=ssl]
	at org.testng.Assert.fail(Assert.java:94)
	at org.testng.Assert.failNotEquals(Assert.java:494)
	at org.testng.Assert.assertEquals(Assert.java:123)
	at org.testng.Assert.assertEquals(Assert.java:176)
	at org.testng.Assert.assertEquals(Assert.java:186)
	at com.snb.OAP.automation.testcases.OAPLogout.OAPverifyLogOut(OAPLogout.java:25)
	at sun.reflect.NativeMethodAccessorImpl.invoke0(Native Method)
	at sun.reflect.NativeMethodAccessorImpl.invoke(NativeMethodAccessorImpl.java:62)
	at sun.reflect.DelegatingMethodAccessorImpl.invoke(DelegatingMethodAccessorImpl.java:43)
	at java.lang.reflect.Method.invoke(Method.java:498)
	at org.testng.internal.MethodInvocationHelper.invokeMethod(MethodInvocationHelper.java:80)
	at org.testng.internal.Invoker.invokeMethod(Invoker.java:714)
	at org.testng.internal.Invoker.invokeTestMethod(Invoker.java:901)
	at org.testng.internal.Invoker.invokeTestMethods(Invoker.java:1231)
	at org.testng.internal.TestMethodWorker.invokeTestMethods(TestMethodWorker.java:127)
	at org.testng.internal.TestMethodWorker.run(TestMethodWorker.java:111)
	at org.testng.TestRunner.privateRun(TestRunner.java:767)
	at org.testng.TestRunner.run(TestRunner.java:617)
	at org.testng.SuiteRunner.runTest(SuiteRunner.java:334)
	at org.testng.SuiteRunner.access$000(SuiteRunner.java:37)
	at org.testng.SuiteRunner$SuiteWorker.run(SuiteRunner.java:368)
	at org.testng.internal.thread.ThreadUtil$2.call(ThreadUtil.java:64)
	at java.util.concurrent.FutureTask.run(FutureTask.java:266)
	at java.util.concurrent.ThreadPoolExecutor.runWorker(ThreadPoolExecutor.java:1142)
	at java.util.concurrent.ThreadPoolExecutor$Worker.run(ThreadPoolExecutor.java:617)
	at java.lang.Thread.run(Thread.java:745)
]]>
            </full-stacktrace>
          </exception> <!-- java.lang.AssertionError -->
          <reporter-output>
          </reporter-output>
        </test-method> <!-- OAPverifyLogOut -->
        <test-method status="PASS" signature="afterTestCompletes(org.testng.ITestResult)[pri:0, instance:com.snb.OAP.automation.testcases.OAPLogout@4520ebad]" name="afterTestCompletes" is-config="true" duration-ms="296" started-at="2016-10-25T07:54:22Z" finished-at="2016-10-25T07:54:23Z">
          <params>
            <param index="0">
              <value>
                <![CDATA[[TestResult name=OAPverifyLogOut status=FAILURE method=OAPLogout.OAPverifyLogOut(java.lang.reflect.Method)[pri:0, instance:com.snb.OAP.automation.testcases.OAPLogout@4520ebad] output={null}]]]>
              </value>
            </param>
          </params>
          <reporter-output>
          </reporter-output>
        </test-method> <!-- afterTestCompletes -->
        <test-method status="PASS" signature="closeBrowser()[pri:0, instance:com.snb.OAP.automation.testcases.OAPLogout@4520ebad]" name="closeBrowser" is-config="true" duration-ms="680" started-at="2016-10-25T07:54:23Z" finished-at="2016-10-25T07:54:23Z">
          <reporter-output>
          </reporter-output>
        </test-method> <!-- closeBrowser -->
      </class> <!-- com.snb.OAP.automation.testcases.OAPLogout -->
    </test> <!-- SNB-CSR Portal TestCases -->
  </suite> <!-- SNB Automation Suite -->
</testng-results>
